<?xml version="1.0" encoding="UTF-8"?>
<!-- Generated by org.testng.reporters.JUnitReportReporter -->
<testsuite skipped="0" hostname="SIL-WIN-17" name="com.flowers.testcases.TC2_CreateAccount" tests="7" failures="0" timestamp="16 Aug 2019 11:20:08 GMT" time="7.909" errors="0">
  <testcase name="addTestCaseName" time="0.005" classname="com.flowers.testcases.TC2_CreateAccount"/>
  <testcase name="verifySwitchWindow" time="0.274" classname="com.flowers.testcases.TC2_CreateAccount"/>
  <testcase name="verifyCreateAccountPopUpTitle" time="5.956" classname="com.flowers.testcases.TC2_CreateAccount"/>
  <testcase name="verifyCreateAccountWithBlankFields" time="0.339" classname="com.flowers.testcases.TC2_CreateAccount"/>
  <testcase name="verifyCreateAccountWithInvalidEmail" time="0.466" classname="com.flowers.testcases.TC2_CreateAccount"/>
  <testcase name="verifyCreateAccountWithInvalidPassword" time="0.428" classname="com.flowers.testcases.TC2_CreateAccount"/>
  <testcase name="verifyCreateAccount" time="0.441" classname="com.flowers.testcases.TC2_CreateAccount"/>
</testsuite> <!-- com.flowers.testcases.TC2_CreateAccount -->
