<?xml version="1.0" encoding="UTF-8"?>
<!-- Generated by org.testng.reporters.JUnitReportReporter -->
<testsuite skipped="5" hostname="SIL-WIN-17" name="com.flowers.testcases.TC_Module5_SearchByProductCode" tests="5" failures="0" timestamp="2019-09-25T18:13:26 IST" time="0.000" errors="0">
  <testcase name="verifyAddTestCaseName" time="0.000" classname="com.flowers.testcases.TC_Module5_SearchByProductCode">
    <skipped/>
  </testcase> <!-- verifyAddTestCaseName -->
  <testcase name="verifyBlankSearch" time="0.000" classname="com.flowers.testcases.TC_Module5_SearchByProductCode">
    <skipped/>
  </testcase> <!-- verifyBlankSearch -->
  <testcase name="verifyInvalidSearch" time="0.000" classname="com.flowers.testcases.TC_Module5_SearchByProductCode">
    <skipped/>
  </testcase> <!-- verifyInvalidSearch -->
  <testcase name="verifySearchResultsTitle" time="0.000" classname="com.flowers.testcases.TC_Module5_SearchByProductCode">
    <skipped/>
  </testcase> <!-- verifySearchResultsTitle -->
  <testcase name="verifyValidSearch" time="0.000" classname="com.flowers.testcases.TC_Module5_SearchByProductCode">
    <skipped/>
  </testcase> <!-- verifyValidSearch -->
</testsuite> <!-- com.flowers.testcases.TC_Module5_SearchByProductCode -->
