<?xml version="1.0" encoding="UTF-8"?>
<!-- Generated by org.testng.reporters.JUnitReportReporter -->
<testsuite skipped="0" hostname="SIL-WIN-17" name="com.flowers.testcases.TC_Module04_SearchByKeyword" tests="7" failures="0" timestamp="2019-09-26T16:51:24 IST" time="157.401" errors="0">
  <testcase name="verifySearchByKeywordTestCase" time="0.009" classname="com.flowers.testcases.TC_Module04_SearchByKeyword"/>
  <testcase name="verifyBlankSearch" time="0.120" classname="com.flowers.testcases.TC_Module04_SearchByKeyword"/>
  <testcase name="verifyInvalidSearch" time="3.478" classname="com.flowers.testcases.TC_Module04_SearchByKeyword"/>
  <testcase name="verifySearchResultsTitle" time="0.013" classname="com.flowers.testcases.TC_Module04_SearchByKeyword"/>
  <testcase name="verifyNumberOfSearchResults" time="81.588" classname="com.flowers.testcases.TC_Module04_SearchByKeyword"/>
  <testcase name="verifySearchResultsFirst" time="10.635" classname="com.flowers.testcases.TC_Module04_SearchByKeyword"/>
  <testcase name="verifyValidSearch" time="61.558" classname="com.flowers.testcases.TC_Module04_SearchByKeyword"/>
</testsuite> <!-- com.flowers.testcases.TC_Module04_SearchByKeyword -->
