<?xml version="1.0" encoding="UTF-8"?>
<!-- Generated by org.testng.reporters.JUnitReportReporter -->
<testsuite skipped="12" hostname="SIL-WIN-17" name="com.flowers.testcases.TC_Module6_ProductDescription" tests="12" failures="0" timestamp="2019-09-25T18:13:26 IST" time="0.000" errors="0">
  <testcase name="verifyAddTestCaseName" time="0.000" classname="com.flowers.testcases.TC_Module6_ProductDescription">
    <skipped/>
  </testcase> <!-- verifyAddTestCaseName -->
  <testcase name="verifyProductDescriptionPageTitle" time="0.000" classname="com.flowers.testcases.TC_Module6_ProductDescription">
    <skipped/>
  </testcase> <!-- verifyProductDescriptionPageTitle -->
  <testcase name="verifyBlankDataFields" time="0.000" classname="com.flowers.testcases.TC_Module6_ProductDescription">
    <skipped/>
  </testcase> <!-- verifyBlankDataFields -->
  <testcase name="verifyDatePickerControl" time="0.000" classname="com.flowers.testcases.TC_Module6_ProductDescription">
    <skipped/>
  </testcase> <!-- verifyDatePickerControl -->
  <testcase name="verifyPreviousLink" time="0.000" classname="com.flowers.testcases.TC_Module6_ProductDescription">
    <skipped/>
  </testcase> <!-- verifyPreviousLink -->
  <testcase name="verifyNextLink" time="0.000" classname="com.flowers.testcases.TC_Module6_ProductDescription">
    <skipped/>
  </testcase> <!-- verifyNextLink -->
  <testcase name="verifyNextPreviousLink" time="0.000" classname="com.flowers.testcases.TC_Module6_ProductDescription">
    <skipped/>
  </testcase> <!-- verifyNextPreviousLink -->
  <testcase name="verifyCalMonthYear" time="0.000" classname="com.flowers.testcases.TC_Module6_ProductDescription">
    <skipped/>
  </testcase> <!-- verifyCalMonthYear -->
  <testcase name="verifyCalStdDate" time="0.000" classname="com.flowers.testcases.TC_Module6_ProductDescription">
    <skipped/>
  </testcase> <!-- verifyCalStdDate -->
  <testcase name="verifyDatePickerControlClose" time="0.000" classname="com.flowers.testcases.TC_Module6_ProductDescription">
    <skipped/>
  </testcase> <!-- verifyDatePickerControlClose -->
  <testcase name="verifySelectedDeliveryDate" time="0.000" classname="com.flowers.testcases.TC_Module6_ProductDescription">
    <skipped/>
  </testcase> <!-- verifySelectedDeliveryDate -->
  <testcase name="verifyAddToCartPopup" time="0.000" classname="com.flowers.testcases.TC_Module6_ProductDescription">
    <skipped/>
  </testcase> <!-- verifyAddToCartPopup -->
</testsuite> <!-- com.flowers.testcases.TC_Module6_ProductDescription -->
