<?xml version="1.0" encoding="UTF-8"?>
<!-- Generated by org.testng.reporters.JUnitReportReporter -->
<testsuite skipped="0" hostname="SIL-WIN-17" name="com.flowers.testcases.TC4_SearchProduct" tests="6" failures="0" timestamp="25 Aug 2019 12:43:49 GMT" time="59.679" errors="0">
  <testcase name="addTestCaseName" time="0.004" classname="com.flowers.testcases.TC4_SearchProduct"/>
  <testcase name="verifyBlankSearch" time="0.172" classname="com.flowers.testcases.TC4_SearchProduct"/>
  <testcase name="verifyInvalidSearch" time="3.130" classname="com.flowers.testcases.TC4_SearchProduct"/>
  <testcase name="verifySearchResultPageTitle" time="0.095" classname="com.flowers.testcases.TC4_SearchProduct"/>
  <testcase name="verifyNumberOfSearchProduct" time="47.642" classname="com.flowers.testcases.TC4_SearchProduct"/>
  <testcase name="verifyRelevantSearchProductResultTop" time="8.636" classname="com.flowers.testcases.TC4_SearchProduct"/>
</testsuite> <!-- com.flowers.testcases.TC4_SearchProduct -->
