<?xml version="1.0" encoding="UTF-8"?>
<!-- Generated by org.testng.reporters.JUnitReportReporter -->
<testsuite skipped="1" hostname="SIL-WIN-17" name="com.flowers.testcases.TC_HomePage" tests="4" failures="0" timestamp="07 Aug 2019 11:24:25 GMT" time="5.604" errors="0">
  <testcase name="addTestCaseName" time="0.012" classname="com.flowers.testcases.TC_HomePage"/>
  <testcase name="verifyHomePageTitle" time="0.009" classname="com.flowers.testcases.TC_HomePage"/>
  <testcase name="verifySignIn" time="5.583" classname="com.flowers.testcases.TC_HomePage"/>
  <testcase name="verifyLogo" classname="com.flowers.testcases.TC_HomePage">
    <skipped/>
  </testcase> <!-- verifyLogo -->
</testsuite> <!-- com.flowers.testcases.TC_HomePage -->
