<?xml version="1.0" encoding="UTF-8"?>
<!-- Generated by org.testng.reporters.JUnitReportReporter -->
<testsuite skipped="7" hostname="SIL-WIN-17" name="com.flowers.testcases.TC_Module7_AddedToYourCart" tests="7" failures="0" timestamp="2019-09-25T18:13:26 IST" time="0.000" errors="0">
  <testcase name="verifyAddTestCaseName" time="0.000" classname="com.flowers.testcases.TC_Module7_AddedToYourCart">
    <skipped/>
  </testcase> <!-- verifyAddTestCaseName -->
  <testcase name="verifyCartShippingProdCode" time="0.000" classname="com.flowers.testcases.TC_Module7_AddedToYourCart">
    <skipped/>
  </testcase> <!-- verifyCartShippingProdCode -->
  <testcase name="verifyCartShippingProdName" time="0.000" classname="com.flowers.testcases.TC_Module7_AddedToYourCart">
    <skipped/>
  </testcase> <!-- verifyCartShippingProdName -->
  <testcase name="verifyCartShippingProdQty" time="0.000" classname="com.flowers.testcases.TC_Module7_AddedToYourCart">
    <skipped/>
  </testcase> <!-- verifyCartShippingProdQty -->
  <testcase name="verifyCartShippingProdPrice" time="0.000" classname="com.flowers.testcases.TC_Module7_AddedToYourCart">
    <skipped/>
  </testcase> <!-- verifyCartShippingProdPrice -->
  <testcase name="verifyCartItemsCount" time="0.000" classname="com.flowers.testcases.TC_Module7_AddedToYourCart">
    <skipped/>
  </testcase> <!-- verifyCartItemsCount -->
  <testcase name="verifyCartSubTotals" time="0.000" classname="com.flowers.testcases.TC_Module7_AddedToYourCart">
    <skipped/>
  </testcase> <!-- verifyCartSubTotals -->
</testsuite> <!-- com.flowers.testcases.TC_Module7_AddedToYourCart -->
