<?xml version="1.0" encoding="UTF-8"?>
<!-- Generated by org.testng.reporters.JUnitReportReporter -->
<testsuite skipped="0" hostname="SIL-WIN-17" name="com.flowers.testcases.TC5_SearchByProductCode" tests="5" failures="0" timestamp="2019-09-12T08:32:31 IST" time="13.128" errors="0">
  <testcase name="addTestCaseName" time="0.016" classname="com.flowers.testcases.TC5_SearchByProductCode"/>
  <testcase name="verifyBlankSearch" time="0.325" classname="com.flowers.testcases.TC5_SearchByProductCode"/>
  <testcase name="verifyInvalidSearch" time="3.131" classname="com.flowers.testcases.TC5_SearchByProductCode"/>
  <testcase name="verifySearchResultsTitle" time="0.021" classname="com.flowers.testcases.TC5_SearchByProductCode"/>
  <testcase name="verifyValidSearch" time="9.635" classname="com.flowers.testcases.TC5_SearchByProductCode"/>
</testsuite> <!-- com.flowers.testcases.TC5_SearchByProductCode -->
