<?xml version="1.0" encoding="UTF-8"?>
<!-- Generated by org.testng.reporters.JUnitReportReporter -->
<testsuite skipped="0" hostname="SIL-WIN-17" name="com.flowers.testcases.TC4_SearchByKeyword" tests="7" failures="0" timestamp="2019-09-12T06:34:15 IST" time="74.812" errors="0">
  <testcase name="addTestCaseName" time="0.016" classname="com.flowers.testcases.TC4_SearchByKeyword"/>
  <testcase name="verifyBlankSearch" time="0.168" classname="com.flowers.testcases.TC4_SearchByKeyword"/>
  <testcase name="verifyInvalidSearch" time="2.672" classname="com.flowers.testcases.TC4_SearchByKeyword"/>
  <testcase name="verifySearchResultsTitle" time="0.016" classname="com.flowers.testcases.TC4_SearchByKeyword"/>
  <testcase name="verifyNumberOfSearchResults" time="51.279" classname="com.flowers.testcases.TC4_SearchByKeyword"/>
  <testcase name="verifySearchResultsFirst" time="6.986" classname="com.flowers.testcases.TC4_SearchByKeyword"/>
  <testcase name="verifyValidSearch" time="13.675" classname="com.flowers.testcases.TC4_SearchByKeyword"/>
</testsuite> <!-- com.flowers.testcases.TC4_SearchByKeyword -->
