<?xml version="1.0" encoding="UTF-8"?>
<!-- Generated by org.testng.reporters.JUnitReportReporter -->
<testsuite skipped="0" hostname="SIL-WIN-17" name="com.flowers.testcases.TC_Module05_SearchByProductCode" tests="5" failures="0" timestamp="2019-10-05T15:40:39 IST" time="14.144" errors="0">
  <testcase name="verifySearchByProductCodeTestCase" time="0.009" classname="com.flowers.testcases.TC_Module05_SearchByProductCode"/>
  <testcase name="verifyBlankSearch" time="0.233" classname="com.flowers.testcases.TC_Module05_SearchByProductCode"/>
  <testcase name="verifyInvalidSearch" time="3.796" classname="com.flowers.testcases.TC_Module05_SearchByProductCode"/>
  <testcase name="verifySearchResultsTitle" time="0.019" classname="com.flowers.testcases.TC_Module05_SearchByProductCode"/>
  <testcase name="verifyValidSearch" time="10.087" classname="com.flowers.testcases.TC_Module05_SearchByProductCode"/>
</testsuite> <!-- com.flowers.testcases.TC_Module05_SearchByProductCode -->
