<?xml version="1.0" encoding="UTF-8"?>
<!-- Generated by org.testng.reporters.JUnitReportReporter -->
<testsuite skipped="0" hostname="SIL-WIN-17" name="com.flowers.testcases.TC_Module07_AddedToYourCart" tests="7" failures="0" timestamp="2019-10-05T15:40:39 IST" time="0.233" errors="0">
  <testcase name="verifyToYourCartTestCase" time="0.016" classname="com.flowers.testcases.TC_Module07_AddedToYourCart"/>
  <testcase name="verifyCartShippingProdCode" time="0.042" classname="com.flowers.testcases.TC_Module07_AddedToYourCart"/>
  <testcase name="verifyCartShippingProdName" time="0.037" classname="com.flowers.testcases.TC_Module07_AddedToYourCart"/>
  <testcase name="verifyCartShippingProdQty" time="0.037" classname="com.flowers.testcases.TC_Module07_AddedToYourCart"/>
  <testcase name="verifyCartShippingProdPrice" time="0.033" classname="com.flowers.testcases.TC_Module07_AddedToYourCart"/>
  <testcase name="verifyCartItemsCount" time="0.035" classname="com.flowers.testcases.TC_Module07_AddedToYourCart"/>
  <testcase name="verifyCartSubTotals" time="0.033" classname="com.flowers.testcases.TC_Module07_AddedToYourCart"/>
</testsuite> <!-- com.flowers.testcases.TC_Module07_AddedToYourCart -->
