<?xml version="1.0" encoding="UTF-8"?>
<!-- Generated by org.testng.reporters.JUnitReportReporter -->
<testsuite skipped="1" hostname="SIL-WIN-17" name="com.flowers.testcases.TC_Module01_Home" tests="6" failures="0" timestamp="2019-10-05T15:40:39 IST" time="0.292" errors="0">
  <testcase name="verifyHomeTestCase" time="0.018" classname="com.flowers.testcases.TC_Module01_Home"/>
  <testcase name="verifyBrowserLaunched" time="0.016" classname="com.flowers.testcases.TC_Module01_Home"/>
  <testcase name="verifyHomeTitle" time="0.015" classname="com.flowers.testcases.TC_Module01_Home"/>
  <testcase name="verifyDisplayLogo" time="0.044" classname="com.flowers.testcases.TC_Module01_Home"/>
  <testcase name="verifyMouseHover" time="0.199" classname="com.flowers.testcases.TC_Module01_Home"/>
  <testcase name="verifyGDPRNotice" classname="com.flowers.testcases.TC_Module01_Home">
    <skipped/>
  </testcase> <!-- verifyGDPRNotice -->
</testsuite> <!-- com.flowers.testcases.TC_Module01_Home -->
