<?xml version="1.0" encoding="UTF-8"?>
<!-- Generated by org.testng.reporters.JUnitReportReporter -->
<testsuite skipped="0" hostname="SIL-WIN-17" name="com.flowers.testcases.TC_Module8_ShoppingCart" tests="3" failures="0" timestamp="2019-09-21T20:27:20 IST" time="8.913" errors="0">
  <testcase name="verifyAddTestCaseName" time="0.005" classname="com.flowers.testcases.TC_Module8_ShoppingCart"/>
  <testcase name="verifyViewCartLink" time="8.899" classname="com.flowers.testcases.TC_Module8_ShoppingCart"/>
  <testcase name="verifyShoppingCartTitle" time="0.009" classname="com.flowers.testcases.TC_Module8_ShoppingCart"/>
</testsuite> <!-- com.flowers.testcases.TC_Module8_ShoppingCart -->
