<?xml version="1.0" encoding="UTF-8"?>
<!-- Generated by org.testng.reporters.JUnitReportReporter -->
<testsuite skipped="0" hostname="SIL-WIN-17" name="com.flowers.testcases.TC4_SearchResults" tests="7" failures="0" timestamp="27 Aug 2019 06:43:24 GMT" time="59.130" errors="0">
  <testcase name="addTestCaseName" time="0.009" classname="com.flowers.testcases.TC4_SearchResults"/>
  <testcase name="verifyBlankSearch" time="0.119" classname="com.flowers.testcases.TC4_SearchResults"/>
  <testcase name="verifyInvalidSearch" time="3.187" classname="com.flowers.testcases.TC4_SearchResults"/>
  <testcase name="verifySearchResultsTitle" time="0.079" classname="com.flowers.testcases.TC4_SearchResults"/>
  <testcase name="verifyNumberOfSearchResults" time="42.997" classname="com.flowers.testcases.TC4_SearchResults"/>
  <testcase name="verifySearchResultsFirst" time="6.666" classname="com.flowers.testcases.TC4_SearchResults"/>
  <testcase name="verifyValidSearch" time="6.073" classname="com.flowers.testcases.TC4_SearchResults"/>
</testsuite> <!-- com.flowers.testcases.TC4_SearchResults -->
