<?xml version="1.0" encoding="UTF-8"?>
<!-- Generated by org.testng.reporters.JUnitReportReporter -->
<testsuite skipped="0" hostname="SIL-WIN-17" name="com.flowers.testcases.TC_Module4_SearchByKeyword" tests="7" failures="0" timestamp="2019-09-25T09:23:22 IST" time="70.816" errors="0">
  <testcase name="verifyAddTestCaseName" time="0.012" classname="com.flowers.testcases.TC_Module4_SearchByKeyword"/>
  <testcase name="verifyBlankSearch" time="0.183" classname="com.flowers.testcases.TC_Module4_SearchByKeyword"/>
  <testcase name="verifyInvalidSearch" time="3.799" classname="com.flowers.testcases.TC_Module4_SearchByKeyword"/>
  <testcase name="verifySearchResultsTitle" time="0.017" classname="com.flowers.testcases.TC_Module4_SearchByKeyword"/>
  <testcase name="verifyNumberOfSearchResults" time="47.437" classname="com.flowers.testcases.TC_Module4_SearchByKeyword"/>
  <testcase name="verifySearchResultsFirst" time="10.253" classname="com.flowers.testcases.TC_Module4_SearchByKeyword"/>
  <testcase name="verifyValidSearch" time="9.115" classname="com.flowers.testcases.TC_Module4_SearchByKeyword"/>
</testsuite> <!-- com.flowers.testcases.TC_Module4_SearchByKeyword -->
