<?xml version="1.0" encoding="UTF-8"?>
<!-- Generated by org.testng.reporters.JUnitReportReporter -->
<testsuite skipped="6" hostname="SIL-WIN-17" name="com.flowers.testcases.TC_Module1_Home" tests="6" failures="0" timestamp="2019-09-25T18:13:26 IST" time="0.000" errors="0">
  <testcase name="verifyAddTestCaseName" time="0.000" classname="com.flowers.testcases.TC_Module1_Home">
    <skipped/>
  </testcase> <!-- verifyAddTestCaseName -->
  <testcase name="verifyBrowserLaunched" time="0.000" classname="com.flowers.testcases.TC_Module1_Home">
    <skipped/>
  </testcase> <!-- verifyBrowserLaunched -->
  <testcase name="verifyHomeTitle" time="0.000" classname="com.flowers.testcases.TC_Module1_Home">
    <skipped/>
  </testcase> <!-- verifyHomeTitle -->
  <testcase name="verifyDisplayLogo" time="0.000" classname="com.flowers.testcases.TC_Module1_Home">
    <skipped/>
  </testcase> <!-- verifyDisplayLogo -->
  <testcase name="verifyMouseHover" time="0.000" classname="com.flowers.testcases.TC_Module1_Home">
    <skipped/>
  </testcase> <!-- verifyMouseHover -->
  <testcase name="verifyGDPRNotice" classname="com.flowers.testcases.TC_Module1_Home">
    <skipped/>
  </testcase> <!-- verifyGDPRNotice -->
</testsuite> <!-- com.flowers.testcases.TC_Module1_Home -->
