<?xml version="1.0" encoding="UTF-8"?>
<!-- Generated by org.testng.reporters.JUnitReportReporter -->
<testsuite skipped="0" hostname="SIL-WIN-17" name="com.flowers.testcases.TC6_ProductDescription" tests="10" failures="0" timestamp="2019-09-12T08:32:31 IST" time="29.036" errors="0">
  <testcase name="addTestCaseName" time="0.015" classname="com.flowers.testcases.TC6_ProductDescription"/>
  <testcase name="verifyPDPTitle" time="0.012" classname="com.flowers.testcases.TC6_ProductDescription"/>
  <testcase name="verifyPDPWithBlankDataFields" time="1.020" classname="com.flowers.testcases.TC6_ProductDescription"/>
  <testcase name="verifyDatePickerControl" time="1.824" classname="com.flowers.testcases.TC6_ProductDescription"/>
  <testcase name="verifyPreviousLink" time="15.066" classname="com.flowers.testcases.TC6_ProductDescription"/>
  <testcase name="verifyNextLink" time="0.068" classname="com.flowers.testcases.TC6_ProductDescription"/>
  <testcase name="verifyNextPreviousLink" time="2.071" classname="com.flowers.testcases.TC6_ProductDescription"/>
  <testcase name="verifyCalMonthYear" time="8.470" classname="com.flowers.testcases.TC6_ProductDescription"/>
  <testcase name="verifyCalStdDate" time="0.450" classname="com.flowers.testcases.TC6_ProductDescription"/>
  <testcase name="verifyDatePickerControlClose" time="0.040" classname="com.flowers.testcases.TC6_ProductDescription"/>
</testsuite> <!-- com.flowers.testcases.TC6_ProductDescription -->
