<?xml version="1.0" encoding="UTF-8"?>
<!-- Generated by org.testng.reporters.JUnitReportReporter -->
<testsuite skipped="0" hostname="SIL-WIN-17" name="com.flowers.testcases.TC_Module09_ShoppingCart" tests="10" failures="0" timestamp="2019-10-05T15:40:39 IST" time="38.983" errors="0">
  <testcase name="verifyShoppingCartTestCase" time="0.005" classname="com.flowers.testcases.TC_Module09_ShoppingCart"/>
  <testcase name="verifyViewCartLink" time="15.610" classname="com.flowers.testcases.TC_Module09_ShoppingCart"/>
  <testcase name="verifyShoppingCartTitle" time="0.235" classname="com.flowers.testcases.TC_Module09_ShoppingCart"/>
  <testcase name="verifyCartQuantity" time="0.111" classname="com.flowers.testcases.TC_Module09_ShoppingCart"/>
  <testcase name="verifyCartSubTotal" time="0.069" classname="com.flowers.testcases.TC_Module09_ShoppingCart"/>
  <testcase name="verifyItemRemove" time="17.359" classname="com.flowers.testcases.TC_Module09_ShoppingCart"/>
  <testcase name="verifyRemoveItemCartQuantity" time="0.049" classname="com.flowers.testcases.TC_Module09_ShoppingCart"/>
  <testcase name="verifyCartDiscount" time="0.047" classname="com.flowers.testcases.TC_Module09_ShoppingCart"/>
  <testcase name="verifyRemoveItemCartSubTotal" time="0.053" classname="com.flowers.testcases.TC_Module09_ShoppingCart"/>
  <testcase name="verifyCheckout" time="5.445" classname="com.flowers.testcases.TC_Module09_ShoppingCart"/>
</testsuite> <!-- com.flowers.testcases.TC_Module09_ShoppingCart -->
