<?xml version="1.0" encoding="UTF-8"?>
<!-- Generated by org.testng.reporters.JUnitReportReporter -->
<testsuite skipped="0" hostname="SIL-WIN-17" name="com.flowers.testcases.TC1_Home" tests="6" failures="0" timestamp="2019-09-12T08:32:31 IST" time="2.230" errors="0">
  <testcase name="addTestCaseName" time="0.032" classname="com.flowers.testcases.TC1_Home"/>
  <testcase name="verifyBrowserLaunched" time="1.221" classname="com.flowers.testcases.TC1_Home"/>
  <testcase name="verifyHomeTitle" time="0.072" classname="com.flowers.testcases.TC1_Home"/>
  <testcase name="verifyLogo" time="0.196" classname="com.flowers.testcases.TC1_Home"/>
  <testcase name="verifyGDPR" time="0.513" classname="com.flowers.testcases.TC1_Home"/>
  <testcase name="verifyMouseHover" time="0.196" classname="com.flowers.testcases.TC1_Home"/>
</testsuite> <!-- com.flowers.testcases.TC1_Home -->
