<?xml version="1.0" encoding="UTF-8"?>
<!-- Generated by org.testng.reporters.JUnitReportReporter -->
<testsuite skipped="0" hostname="SIL-WIN-17" name="com.flowers.testcases.TC_Module08_ContinueShopping" tests="8" failures="0" timestamp="2019-10-05T15:40:39 IST" time="31.988" errors="0">
  <testcase name="verifyContinueShoppingTestCase" time="0.005" classname="com.flowers.testcases.TC_Module08_ContinueShopping"/>
  <testcase name="verifyContinueShoppingLink" time="0.197" classname="com.flowers.testcases.TC_Module08_ContinueShopping"/>
  <testcase name="verifyDatePickerControlOpen" time="1.595" classname="com.flowers.testcases.TC_Module08_ContinueShopping"/>
  <testcase name="verifyCalMonthYear" time="5.921" classname="com.flowers.testcases.TC_Module08_ContinueShopping"/>
  <testcase name="verifyCalStdDate" time="0.437" classname="com.flowers.testcases.TC_Module08_ContinueShopping"/>
  <testcase name="verifyDatePickerControlClose" time="10.023" classname="com.flowers.testcases.TC_Module08_ContinueShopping"/>
  <testcase name="verifySelectedDeliveryDate" time="0.071" classname="com.flowers.testcases.TC_Module08_ContinueShopping"/>
  <testcase name="verifyAddToCartPopup" time="13.739" classname="com.flowers.testcases.TC_Module08_ContinueShopping"/>
</testsuite> <!-- com.flowers.testcases.TC_Module08_ContinueShopping -->
