<?xml version="1.0" encoding="UTF-8"?>
<!-- Generated by org.testng.reporters.JUnitReportReporter -->
<testsuite skipped="8" hostname="SIL-WIN-17" name="com.flowers.testcases.TC_Module8_ContinueShopping" tests="8" failures="0" timestamp="2019-09-25T18:13:26 IST" time="0.000" errors="0">
  <testcase name="verifyAddTestCaseName" time="0.000" classname="com.flowers.testcases.TC_Module8_ContinueShopping">
    <skipped/>
  </testcase> <!-- verifyAddTestCaseName -->
  <testcase name="verifyContinueShoppingLink" time="0.000" classname="com.flowers.testcases.TC_Module8_ContinueShopping">
    <skipped/>
  </testcase> <!-- verifyContinueShoppingLink -->
  <testcase name="verifyDatePickerControlOpen" time="0.000" classname="com.flowers.testcases.TC_Module8_ContinueShopping">
    <skipped/>
  </testcase> <!-- verifyDatePickerControlOpen -->
  <testcase name="verifyCalMonthYear" time="0.000" classname="com.flowers.testcases.TC_Module8_ContinueShopping">
    <skipped/>
  </testcase> <!-- verifyCalMonthYear -->
  <testcase name="verifyCalStdDate" time="0.000" classname="com.flowers.testcases.TC_Module8_ContinueShopping">
    <skipped/>
  </testcase> <!-- verifyCalStdDate -->
  <testcase name="verifyDatePickerControlClose" time="0.000" classname="com.flowers.testcases.TC_Module8_ContinueShopping">
    <skipped/>
  </testcase> <!-- verifyDatePickerControlClose -->
  <testcase name="verifySelectedDeliveryDate" time="0.000" classname="com.flowers.testcases.TC_Module8_ContinueShopping">
    <skipped/>
  </testcase> <!-- verifySelectedDeliveryDate -->
  <testcase name="verifyAddToCartPopup" time="0.000" classname="com.flowers.testcases.TC_Module8_ContinueShopping">
    <skipped/>
  </testcase> <!-- verifyAddToCartPopup -->
</testsuite> <!-- com.flowers.testcases.TC_Module8_ContinueShopping -->
