<?xml version="1.0" encoding="UTF-8"?>
<!-- Generated by org.testng.reporters.JUnitReportReporter -->
<testsuite skipped="0" hostname="SIL-WIN-17" name="com.flowers.testcases.TC3_SignIn" tests="10" failures="0" timestamp="2019-09-12T06:34:15 IST" time="21.171" errors="0">
  <testcase name="addTestCaseName" time="0.016" classname="com.flowers.testcases.TC3_SignIn"/>
  <testcase name="verifySwitchWindow" time="0.452" classname="com.flowers.testcases.TC3_SignIn"/>
  <testcase name="verifySignInTitle" time="6.677" classname="com.flowers.testcases.TC3_SignIn"/>
  <testcase name="verifySignInWithBlankDataFields" time="0.459" classname="com.flowers.testcases.TC3_SignIn"/>
  <testcase name="verifySignInWithBlankEmail" time="0.388" classname="com.flowers.testcases.TC3_SignIn"/>
  <testcase name="verifySignInWithBlankPassword" time="0.395" classname="com.flowers.testcases.TC3_SignIn"/>
  <testcase name="verifySignInWithInvalidData" time="0.380" classname="com.flowers.testcases.TC3_SignIn"/>
  <testcase name="verifySignInWithInvalidEmail" time="0.411" classname="com.flowers.testcases.TC3_SignIn"/>
  <testcase name="verifySignInWithInvalidPassword" time="0.404" classname="com.flowers.testcases.TC3_SignIn"/>
  <testcase name="verifySignInWithValidData" time="11.589" classname="com.flowers.testcases.TC3_SignIn"/>
</testsuite> <!-- com.flowers.testcases.TC3_SignIn -->
