<?xml version="1.0" encoding="UTF-8"?>
<!-- Generated by org.testng.reporters.JUnitReportReporter -->
<testsuite skipped="0" hostname="SIL-WIN-17" name="com.flowers.testcases.TC3_SignIn" tests="10" failures="0" timestamp="28 Aug 2019 10:09:51 GMT" time="29.329" errors="0">
  <testcase name="addTestCaseName" time="0.004" classname="com.flowers.testcases.TC3_SignIn"/>
  <testcase name="verifySwitchWindow" time="0.322" classname="com.flowers.testcases.TC3_SignIn"/>
  <testcase name="verifySignInPopUpTitle" time="4.386" classname="com.flowers.testcases.TC3_SignIn"/>
  <testcase name="verifySignInWithBlankDataFields" time="0.542" classname="com.flowers.testcases.TC3_SignIn"/>
  <testcase name="verifySignInWithBlankEmail" time="0.423" classname="com.flowers.testcases.TC3_SignIn"/>
  <testcase name="verifySignInWithBlankPassword" time="0.361" classname="com.flowers.testcases.TC3_SignIn"/>
  <testcase name="verifySignInWithInvalidData" time="0.336" classname="com.flowers.testcases.TC3_SignIn"/>
  <testcase name="verifySignInWithInvalidEmail" time="0.388" classname="com.flowers.testcases.TC3_SignIn"/>
  <testcase name="verifySignInWithInvalidPassword" time="0.300" classname="com.flowers.testcases.TC3_SignIn"/>
  <testcase name="verifySignInWithValidData" time="22.267" classname="com.flowers.testcases.TC3_SignIn"/>
</testsuite> <!-- com.flowers.testcases.TC3_SignIn -->
