<?xml version="1.0" encoding="UTF-8"?>
<!-- Generated by org.testng.reporters.JUnitReportReporter -->
<testsuite skipped="0" hostname="SIL-WIN-17" name="com.flowers.testcases.TC_HomePage" tests="3" failures="0" timestamp="07 Aug 2019 10:04:58 GMT" time="10.736" errors="0">
  <testcase name="addReportTestName" time="0.010" classname="com.flowers.testcases.TC_HomePage"/>
  <testcase name="verifyHomePageTitle" time="0.008" classname="com.flowers.testcases.TC_HomePage"/>
  <testcase name="verifyLogo" time="10.718" classname="com.flowers.testcases.TC_HomePage"/>
</testsuite> <!-- com.flowers.testcases.TC_HomePage -->
