<?xml version="1.0" encoding="UTF-8"?>
<!-- Generated by org.testng.reporters.JUnitReportReporter -->
<testsuite skipped="0" hostname="SIL-WIN-17" name="com.flowers.testcases.TC4_SearchByKeyword" tests="7" failures="0" timestamp="28 Aug 2019 10:09:51 GMT" time="87.008" errors="0">
  <testcase name="addTestCaseName" time="0.005" classname="com.flowers.testcases.TC4_SearchByKeyword"/>
  <testcase name="verifyBlankSearch" time="0.123" classname="com.flowers.testcases.TC4_SearchByKeyword"/>
  <testcase name="verifyInvalidSearch" time="3.594" classname="com.flowers.testcases.TC4_SearchByKeyword"/>
  <testcase name="verifySearchResultsTitle" time="0.012" classname="com.flowers.testcases.TC4_SearchByKeyword"/>
  <testcase name="verifyNumberOfSearchResults" time="56.103" classname="com.flowers.testcases.TC4_SearchByKeyword"/>
  <testcase name="verifySearchResultsFirst" time="8.363" classname="com.flowers.testcases.TC4_SearchByKeyword"/>
  <testcase name="verifyValidSearch" time="18.808" classname="com.flowers.testcases.TC4_SearchByKeyword"/>
</testsuite> <!-- com.flowers.testcases.TC4_SearchByKeyword -->
