<?xml version="1.0" encoding="UTF-8"?>
<!-- Generated by org.testng.reporters.JUnitReportReporter -->
<testsuite skipped="1" hostname="SIL-WIN-17" name="com.flowers.testcases.TC1_Home" tests="6" failures="0" timestamp="28 Aug 2019 10:09:51 GMT" time="0.235" errors="0">
  <testcase name="addTestCaseName" time="0.022" classname="com.flowers.testcases.TC1_Home"/>
  <testcase name="verifyBrowserLaunched" time="0.009" classname="com.flowers.testcases.TC1_Home"/>
  <testcase name="verifyHomeTitle" time="0.013" classname="com.flowers.testcases.TC1_Home"/>
  <testcase name="verifyLogo" time="0.039" classname="com.flowers.testcases.TC1_Home"/>
  <testcase name="verifyMouseHover" time="0.152" classname="com.flowers.testcases.TC1_Home"/>
  <testcase name="verifyGDPR" classname="com.flowers.testcases.TC1_Home">
    <skipped/>
  </testcase> <!-- verifyGDPR -->
</testsuite> <!-- com.flowers.testcases.TC1_Home -->
